A51 MACRO ASSEMBLER  S12_2                                                                10/18/2003 16:33:36 PAGE     1


MACRO ASSEMBLER A51 V6.14
OBJECT MODULE PLACED IN .\S12-2.OBJ
ASSEMBLER INVOKED BY: C:\KEIL\C51\BIN\A51.EXE .\S12-2.asm SET(SMALL) DEBUG EP

LOC  OBJ            LINE     SOURCE

0000                   1             ORG 0000H
0000 020030            2             LJMP MAIN
0030                   3             ORG 030H
0030 758960            4     MAIN:   MOV TMOD,#60H
0033 758DF6            5             MOV TH1,#0F6H
0036 758BF6            6             MOV TL1,#0F6H
0039 75A800            7             MOV IE,#00H
003C D28E              8             SETB TR1
003E 759000            9             MOV P1,#00H
0041 114F             10             ACALL DEL
0043 108F02           11     LOOP:   JBC TF1,LOOP1
0046 0143             12             AJMP LOOP
0048 04               13     LOOP1:  INC A
0049 F590             14             MOV P1,A
004B 114F             15             ACALL DEL
004D 0143             16             AJMP LOOP
004F 7F14             17     DEL:    MOV R7,#014H
0051 7EFF             18     DEL1:   MOV R6,#0FFH
0053 7D1F             19     DEL2:   MOV R5,#01FH
0055 DDFE             20     DEL3:   DJNZ R5,DEL3
0057 DEFA             21             DJNZ R6,DEL2
0059 DFF6             22             DJNZ R7,DEL1
005B 22               23             RET
                      24             END
A51 MACRO ASSEMBLER  S12_2                                                                10/18/2003 16:33:36 PAGE     2

SYMBOL TABLE LISTING
------ ----- -------


N A M E             T Y P E  V A L U E   ATTRIBUTES

DEL. . . . . . . .  C ADDR   004FH   A   
DEL1 . . . . . . .  C ADDR   0051H   A   
DEL2 . . . . . . .  C ADDR   0053H   A   
DEL3 . . . . . . .  C ADDR   0055H   A   
IE . . . . . . . .  D ADDR   00A8H   A   
LOOP . . . . . . .  C ADDR   0043H   A   
LOOP1. . . . . . .  C ADDR   0048H   A   
MAIN . . . . . . .  C ADDR   0030H   A   
P1 . . . . . . . .  D ADDR   0090H   A   
TF1. . . . . . . .  B ADDR   0088H.7 A   
TH1. . . . . . . .  D ADDR   008DH   A   
TL1. . . . . . . .  D ADDR   008BH   A   
TMOD . . . . . . .  D ADDR   0089H   A   
TR1. . . . . . . .  B ADDR   0088H.6 A   


REGISTER BANK(S) USED: 0 


ASSEMBLY COMPLETE.  0 WARNING(S), 0 ERROR(S)
