C51 COMPILER V9.01   MAIN                                                                  07/12/2016 11:54:59 PAGE 1   


C51 COMPILER V9.01, COMPILATION OF MODULE MAIN
OBJECT MODULE PLACED IN main.OBJ
COMPILER INVOKED BY: C:\Keil\C51\BIN\C51.EXE main.c BROWSE DEBUG OBJECTEXTEND

line level    source

   1          /**********************ZYWIFI0939C-WIFI机器人实验板例程************************
   2          *  平台：ZYWIFI0939C-WIFI机器人 + Keil U4 + STC89C52
   3          *  名称：ZY-1智能小车参考程序
   4          *  公司：湖南智宇科教设备有限公司
   5          *  淘宝：https://hnzyrobot1688.taobao.com/     
   6          *  网站：www.hnzhiyu.cn 
   7          *  编写：智宇公司研发一部
   8          *  日期：2015-1-15
   9          *  交流:智能车QQ:261339276
  10          *  晶振:11.0592MHZ
  11          *  说明：免费开源，不提供源代码分析
  12          *  硬件设置：要有自己动手能力，才能完成实验
  13          *  使用说明：根据下面IO口自己用杜邦线连接各种模块，可以自己修改各种模块IO口
  14          *  视频教程：本小车配套学习C语言详细视频教程，资料统一网盘下载
  15             重点提示：本程序只做参考，不提供技术支持，请自己研究吸收。
  16          
  17          /******************************************************************/
  18                  
  19                  //注意程序只做参考之用，要达到最理想的寻迹效果，还需要同学们细心调试。  
  20                  #include<AT89X52.H>               //包含51单片机头文件，内部有各种寄存器定义
  21                  #include<ZY-4WD_PWM.H>            //包含HL-1蓝牙智能小车驱动IO口定义等函数
  22              
  23          //主函数
  24                  void main(void)
  25          {       
  26   1      
  27   1              unsigned char i;
  28   1          P1=0X00;   //关电机 
  29   1      
  30   1                              TMOD=0X01;
  31   1                      TH0= 0XFc;                //1ms定时
  32   1                      TL0= 0X18;
  33   1                      TR0= 1;
  34   1                      ET0= 1;
  35   1                      EA = 1;                    //开总中断
  36   1      
  37   1      
  38   1              while(1)        //无限循环
  39   1              { 
  40   2               
  41   2                               //有信号为0  没有信号为1
  42   2      
  43   2                    if(Left_1_led==0&&Right_1_led==0)
  44   2      
  45   2                                run();   //调用前进函数
  46   2      
  47   2                                else
  48   2                               {                        
  49   3                                                     if(Left_1_led==1&&Right_1_led==0)            //左边检测到黑线
  50   3                                       {
  51   4                                                leftrun();              //调用小车左转  函数
  52   4      
  53   4                                   }
  54   3                                 
  55   3                                                                  if(Right_1_led==1&&Left_1_led==0)           //右边检测到黑线
C51 COMPILER V9.01   MAIN                                                                  07/12/2016 11:54:59 PAGE 2   

  56   3                                        {       
  57   4                                            rightrun();                  //调用小车右转       函数
  58   4      
  59   4                                        }
  60   3                                                          if(Right_1_led==1&&Left_1_led==1)           //悬空状态  避悬崖
  61   3                                        {       
  62   4                                            stop();              //调用小车停止
  63   4      
  64   4                                        }
  65   3      
  66   3                              }        
  67   2               }
  68   1      }
*** WARNING C280 IN LINE 27 OF MAIN.C: 'i': unreferenced local variable


MODULE INFORMATION:   STATIC OVERLAYABLE
   CODE SIZE        =    252    ----
   CONSTANT SIZE    =   ----    ----
   XDATA SIZE       =   ----    ----
   PDATA SIZE       =   ----    ----
   DATA SIZE        =      6       1
   IDATA SIZE       =   ----    ----
   BIT SIZE         =      2    ----
END OF MODULE INFORMATION.


C51 COMPILATION COMPLETE.  1 WARNING(S),  0 ERROR(S)
